<?xml version="1.0" encoding="UTF-8" ?>
<testsuite tests="3" failures="1" name="ExampleTest" time="0.657" errors="1" skipped="0">
  <properties>
[...]
</properties>
  <testcase classname="ExampleTest" name="success" time="0.629">
    <error message="ReferenceError: myAction is not defined" type="ReferenceError">ReferenceError: myAction is not defined
	at &lt;js&gt; :program(Unnamed:1:0-7)
	at org.graalvm.polyglot.Context.eval(Context.java:373)
	at org.graphwalker.core.machine.ExecutionContext.execute(ExecutionContext.java:253)
	at org.graphwalker.core.machine.SimpleMachine.execute(SimpleMachine.java:302)
	at org.graphwalker.core.machine.SimpleMachine.execute(SimpleMachine.java:290)
	at org.graphwalker.core.machine.SimpleMachine.execute(SimpleMachine.java:284)
	at org.graphwalker.core.machine.SimpleMachine.getNextStep(SimpleMachine.java:108)
	at ExampleTest.success(ExampleTest.java:56)
	at java.base/jdk.internal.reflect.NativeMethodAccessorImpl.invoke0(Native Method)
	at java.base/jdk.internal.reflect.NativeMethodAccessorImpl.invoke(NativeMethodAccessorImpl.java:62)
	at java.base/jdk.internal.reflect.DelegatingMethodAccessorImpl.invoke(DelegatingMethodAccessorImpl.java:43)
	at java.base/java.lang.reflect.Method.invoke(Method.java:566)
	at org.junit.runners.model.FrameworkMethod$1.runReflectiveCall(FrameworkMethod.java:47)
	at org.junit.internal.runners.model.ReflectiveCallable.run(ReflectiveCallable.java:12)
	at org.junit.runners.model.FrameworkMethod.invokeExplosively(FrameworkMethod.java:44)
	at org.junit.internal.runners.statements.InvokeMethod.evaluate(InvokeMethod.java:17)
	at org.junit.runners.ParentRunner.runLeaf(ParentRunner.java:271)
	at org.junit.runners.BlockJUnit4ClassRunner.runChild(BlockJUnit4ClassRunner.java:70)
	at org.junit.runners.BlockJUnit4ClassRunner.runChild(BlockJUnit4ClassRunner.java:50)
	at org.junit.runners.ParentRunner$3.run(ParentRunner.java:238)
	at org.junit.runners.ParentRunner$1.schedule(ParentRunner.java:63)
	at org.junit.runners.ParentRunner.runChildren(ParentRunner.java:236)
	at org.junit.runners.ParentRunner.access$000(ParentRunner.java:53)
	at org.junit.runners.ParentRunner$2.evaluate(ParentRunner.java:229)
	at org.junit.runners.ParentRunner.run(ParentRunner.java:309)
	at org.apache.maven.surefire.junit4.JUnit4Provider.execute(JUnit4Provider.java:252)
	at org.apache.maven.surefire.junit4.JUnit4Provider.executeTestSet(JUnit4Provider.java:141)
	at org.apache.maven.surefire.junit4.JUnit4Provider.invoke(JUnit4Provider.java:112)
	at java.base/jdk.internal.reflect.NativeMethodAccessorImpl.invoke0(Native Method)
	at java.base/jdk.internal.reflect.NativeMethodAccessorImpl.invoke(NativeMethodAccessorImpl.java:62)
	at java.base/jdk.internal.reflect.DelegatingMethodAccessorImpl.invoke(DelegatingMethodAccessorImpl.java:43)
	at java.base/java.lang.reflect.Method.invoke(Method.java:566)
	at org.apache.maven.surefire.util.ReflectionUtils.invokeMethodWithArray(ReflectionUtils.java:189)
	at org.apache.maven.surefire.booter.ProviderFactory$ProviderProxy.invoke(ProviderFactory.java:165)
	at org.apache.maven.surefire.booter.ProviderFactory.invokeProvider(ProviderFactory.java:85)
	at org.apache.maven.surefire.booter.ForkedBooter.runSuitesInProcess(ForkedBooter.java:115)
	at org.apache.maven.surefire.booter.ForkedBooter.main(ForkedBooter.java:75)
</error>
    <system-out>15:49:53.528 [main] DEBUG o.g.core.machine.SimpleMachine - Context: ExampleTest@6ad59d92
15:49:53.536 [main] DEBUG o.g.core.machine.ExecutionContext - Execute method: &apos;vertex1&apos; in model: &apos;null&apos;
vertex1
15:49:53.548 [main] DEBUG o.g.core.machine.SimpleMachine - Context: ExampleTest@6ad59d92
15:49:53.553 [main] INFO  o.g.c.g.SingletonRandomGenerator - Seed: 25274734101224
15:49:53.558 [main] DEBUG o.g.core.machine.ExecutionContext - Execute action: &apos;myAction();&apos; in model: &apos;null&apos;
</system-out>
  </testcase>
  <testcase classname="ExampleTest" name="failure" time="0.013">
    <failure message="Expected exception: org.graphwalker.core.machine.MachineException" type="java.lang.AssertionError">java.lang.AssertionError: Expected exception: org.graphwalker.core.machine.MachineException
	at org.junit.internal.runners.statements.ExpectException.evaluate(ExpectException.java:32)
	at org.junit.runners.ParentRunner.runLeaf(ParentRunner.java:271)
	at org.junit.runners.BlockJUnit4ClassRunner.runChild(BlockJUnit4ClassRunner.java:70)
	at org.junit.runners.BlockJUnit4ClassRunner.runChild(BlockJUnit4ClassRunner.java:50)
	at org.junit.runners.ParentRunner$3.run(ParentRunner.java:238)
	at org.junit.runners.ParentRunner$1.schedule(ParentRunner.java:63)
	at org.junit.runners.ParentRunner.runChildren(ParentRunner.java:236)
	at org.junit.runners.ParentRunner.access$000(ParentRunner.java:53)
	at org.junit.runners.ParentRunner$2.evaluate(ParentRunner.java:229)
	at org.junit.runners.ParentRunner.run(ParentRunner.java:309)
	at org.apache.maven.surefire.junit4.JUnit4Provider.execute(JUnit4Provider.java:252)
	at org.apache.maven.surefire.junit4.JUnit4Provider.executeTestSet(JUnit4Provider.java:141)
	at org.apache.maven.surefire.junit4.JUnit4Provider.invoke(JUnit4Provider.java:112)
	at java.base/jdk.internal.reflect.NativeMethodAccessorImpl.invoke0(Native Method)
	at java.base/jdk.internal.reflect.NativeMethodAccessorImpl.invoke(NativeMethodAccessorImpl.java:62)
	at java.base/jdk.internal.reflect.DelegatingMethodAccessorImpl.invoke(DelegatingMethodAccessorImpl.java:43)
	at java.base/java.lang.reflect.Method.invoke(Method.java:566)
	at org.apache.maven.surefire.util.ReflectionUtils.invokeMethodWithArray(ReflectionUtils.java:189)
	at org.apache.maven.surefire.booter.ProviderFactory$ProviderProxy.invoke(ProviderFactory.java:165)
	at org.apache.maven.surefire.booter.ProviderFactory.invokeProvider(ProviderFactory.java:85)
	at org.apache.maven.surefire.booter.ForkedBooter.runSuitesInProcess(ForkedBooter.java:115)
	at org.apache.maven.surefire.booter.ForkedBooter.main(ForkedBooter.java:75)
</failure>
    <system-out>15:49:54.103 [main] DEBUG o.g.core.machine.SimpleMachine - Context: ExampleTest@53d1b9b3
15:49:54.104 [main] DEBUG o.g.core.machine.ExecutionContext - Execute method: &apos;vertex1&apos; in model: &apos;null&apos;
vertex1
15:49:54.105 [main] DEBUG o.g.core.machine.SimpleMachine - Context: ExampleTest@53d1b9b3
15:49:54.105 [main] DEBUG o.g.core.machine.ExecutionContext - Execute method: &apos;edge1&apos; in model: &apos;null&apos;
edge1
15:49:54.106 [main] DEBUG o.g.core.machine.SimpleMachine - Context: ExampleTest@53d1b9b3
15:49:54.107 [main] DEBUG o.g.core.machine.ExecutionContext - Execute method: &apos;vertex2&apos; in model: &apos;null&apos;
vertex2
</system-out>
  </testcase>
  <testcase classname="ExampleTest" name="exception" time="0.015"/>
</testsuite>